<?xml version="1.0" encoding="UTF-8"?>
<!-- Generated by org.testng.reporters.JUnitXMLReporter -->
<testsuite hostname="swanika" name="FuncionalTest" tests="3" failures="0" timestamp="5 May 2016 21:34:14 GMT" time="0.21" errors="0">
  <testcase name="@BeforeSuite setUp" time="0.0" classname="com.test.HomePageTest">
    <failure type="java.lang.NullPointerException">
      <![CDATA[java.lang.NullPointerException
	at java.util.concurrent.TimeUnit$3.convert(Unknown Source)
	at org.openqa.selenium.firefox.FirefoxDriver$1$1.setScriptTimeout(FirefoxDriver.java:253)
	at com.util.PageDriver.<init>(PageDriver.java:25)
	at com.base.BaseTest.setUp(BaseTest.java:13)
... Removed 18 stack frames]]>
    </failure>
  </testcase> <!-- @BeforeSuite setUp -->
  <testcase name="@BeforeClass initialize" time="0.0" classname="com.test.HomePageTest">
    <skipped/>
  </testcase> <!-- @BeforeClass initialize -->
  <testcase name="@BeforeClass initialize" time="0.0" classname="com.test.LoginPageTest">
    <skipped/>
  </testcase> <!-- @BeforeClass initialize -->
  <testcase name="testclickSignIn" time="0.004" classname="com.test.HomePageTest">
    <skipped/>
  </testcase> <!-- testclickSignIn -->
  <testcase name="testcountnavItems" time="0.005" classname="com.test.HomePageTest">
    <skipped/>
  </testcase> <!-- testcountnavItems -->
  <testcase name="testinvalidLogin" time="0.002" classname="com.test.LoginPageTest">
    <skipped/>
  </testcase> <!-- testinvalidLogin -->
</testsuite> <!-- FuncionalTest -->
