<?xml version="1.0" encoding="UTF-8"?>
<!-- Generated by org.testng.reporters.JUnitXMLReporter -->
<testsuite hostname="swanika" name="SmokeTest" tests="3" failures="0" timestamp="9 May 2016 22:43:42 GMT" time="0.094" errors="0">
  <testcase name="@BeforeSuite setUp" time="0.0" classname="com.test.HomePageTest">
    <failure type="java.lang.NullPointerException">
      <![CDATA[java.lang.NullPointerException
	at com.util.PageDriver.initializeBrowser(PageDriver.java:39)
	at com.util.PageDriver.<init>(PageDriver.java:29)
	at com.base.BaseTest.setUp(BaseTest.java:28)
... Removed 18 stack frames]]>
    </failure>
  </testcase> <!-- @BeforeSuite setUp -->
  <testcase name="@BeforeClass initialize" time="0.0" classname="com.test.HomePageTest">
    <skipped/>
  </testcase> <!-- @BeforeClass initialize -->
  <testcase name="@BeforeClass initialize" time="0.0" classname="com.test.LoginPageTest">
    <skipped/>
  </testcase> <!-- @BeforeClass initialize -->
  <testcase name="testclickSignIn" time="0.002" classname="com.test.HomePageTest">
    <skipped/>
  </testcase> <!-- testclickSignIn -->
  <testcase name="testcountnavItems" time="0.001" classname="com.test.HomePageTest">
    <skipped/>
  </testcase> <!-- testcountnavItems -->
  <testcase name="testinvalidLogin" time="0.0" classname="com.test.LoginPageTest">
    <skipped/>
  </testcase> <!-- testinvalidLogin -->
</testsuite> <!-- SmokeTest -->
